1629706727009	geckodriver	INFO	Listening on 127.0.0.1:58611
1629706727014	mozrunner::runner	INFO	Running command: "/usr/bin/firefox" "--marionette" "-foreground" "-no-remote" "-profile" "/tmp/rust_mozprofile2F7SYU"
1629706727474	Marionette	INFO	Marionette enabled
console.warn: SearchSettings: "get: No settings file exists, new profile?" (new Error("", "(unknown module)"))
1629706729382	Marionette	INFO	Listening on port 45827
1629706729439	Marionette	WARN	TLS certificate errors will be ignored for this session
1629706731006	Marionette	INFO	Stopped listening on port 45827
1629706771780	geckodriver	INFO	Listening on 127.0.0.1:52823
1629706771785	mozrunner::runner	INFO	Running command: "/usr/bin/firefox" "--marionette" "-foreground" "-no-remote" "-profile" "/tmp/rust_mozprofile3OK0K3"
1629706772226	Marionette	INFO	Marionette enabled
console.warn: SearchSettings: "get: No settings file exists, new profile?" (new Error("", "(unknown module)"))
1629706774118	Marionette	INFO	Listening on port 40871
1629706774207	Marionette	WARN	TLS certificate errors will be ignored for this session
1629707002036	geckodriver	INFO	Listening on 127.0.0.1:34197
1629707002041	mozrunner::runner	INFO	Running command: "/usr/bin/firefox" "--marionette" "-foreground" "-no-remote" "-profile" "/tmp/rust_mozprofileZQwkcQ"
1629707002502	Marionette	INFO	Marionette enabled
console.warn: SearchSettings: "get: No settings file exists, new profile?" (new Error("", "(unknown module)"))
1629707004501	Marionette	INFO	Listening on port 42839
1629707004577	Marionette	WARN	TLS certificate errors will be ignored for this session
IPDL protocol error: Handler returned error code!

###!!! [Parent][DispatchAsyncMessage] Error: PLayerTransaction::Msg_ReleaseLayer Processing error: message was deserialized, but the handler returned false (indicating failure)

IPDL protocol error: Handler returned error code!

###!!! [Parent][DispatchAsyncMessage] Error: PLayerTransaction::Msg_ReleaseLayer Processing error: message was deserialized, but the handler returned false (indicating failure)

IPDL protocol error: Handler returned error code!

###!!! [Parent][DispatchAsyncMessage] Error: PLayerTransaction::Msg_ReleaseLayer Processing error: message was deserialized, but the handler returned false (indicating failure)

IPDL protocol error: Handler returned error code!

###!!! [Parent][DispatchAsyncMessage] Error: PLayerTransaction::Msg_ReleaseLayer Processing error: message was deserialized, but the handler returned false (indicating failure)

IPDL protocol error: Handler returned error code!

###!!! [Parent][DispatchAsyncMessage] Error: PLayerTransaction::Msg_ReleaseLayer Processing error: message was deserialized, but the handler returned false (indicating failure)

IPDL protocol error: Handler returned error code!

###!!! [Parent][DispatchAsyncMessage] Error: PLayerTransaction::Msg_ReleaseLayer Processing error: message was deserialized, but the handler returned false (indicating failure)

JavaScript error: chrome://browser/content/browser-customization.js, line 166: NS_ERROR_NOT_INITIALIZED: 
1629707004834	Marionette	INFO	Stopped listening on port 40871
1629707012778	Marionette	INFO	Stopped listening on port 42839
1629707040640	geckodriver	INFO	Listening on 127.0.0.1:50267
1629707040644	mozrunner::runner	INFO	Running command: "/usr/bin/firefox" "--marionette" "-foreground" "-no-remote" "-profile" "/tmp/rust_mozprofileKenCDL"
1629707041070	Marionette	INFO	Marionette enabled
console.warn: SearchSettings: "get: No settings file exists, new profile?" (new Error("", "(unknown module)"))
1629707042950	Marionette	INFO	Listening on port 40301
1629707043066	Marionette	WARN	TLS certificate errors will be ignored for this session
1629707046536	Marionette	INFO	Stopped listening on port 40301
1629707060095	geckodriver	INFO	Listening on 127.0.0.1:46539
1629707060099	mozrunner::runner	INFO	Running command: "/usr/bin/firefox" "--marionette" "-foreground" "-no-remote" "-profile" "/tmp/rust_mozprofile9s3zQI"
1629707060536	Marionette	INFO	Marionette enabled
console.warn: SearchSettings: "get: No settings file exists, new profile?" (new Error("", "(unknown module)"))
1629707062516	Marionette	INFO	Listening on port 41957
1629707062635	Marionette	WARN	TLS certificate errors will be ignored for this session
console.warn: LoginRecipes: "getRecipes: falling back to a synchronous message for:" "https://www.bazos.cz"
JavaScript error: https://www.google.com/adsense/search/ads.js, line 236: uncaught exception: google.ads.search.Ads: container "container_two" does not exist.
1629707306941	geckodriver	INFO	Listening on 127.0.0.1:38209
1629707306945	mozrunner::runner	INFO	Running command: "/usr/bin/firefox" "--marionette" "-foreground" "-no-remote" "-profile" "/tmp/rust_mozprofileuz0yUq"
1629707307380	Marionette	INFO	Marionette enabled
IPDL protocol error: Handler returned error code!

###!!! [Parent][DispatchAsyncMessage] Error: PLayerTransaction::Msg_ReleaseLayer Processing error: message was deserialized, but the handler returned false (indicating failure)

IPDL protocol error: Handler returned error code!

###!!! [Parent][DispatchAsyncMessage] Error: PLayerTransaction::Msg_ReleaseLayer Processing error: message was deserialized, but the handler returned false (indicating failure)

IPDL protocol error: Handler returned error code!

###!!! [Parent][DispatchAsyncMessage] Error: PLayerTransaction::Msg_ReleaseLayer Processing error: message was deserialized, but the handler returned false (indicating failure)

IPDL protocol error: Handler returned error code!

###!!! [Parent][DispatchAsyncMessage] Error: PLayerTransaction::Msg_ReleaseLayer Processing error: message was deserialized, but the handler returned false (indicating failure)

IPDL protocol error: Handler returned error code!

###!!! [Parent][DispatchAsyncMessage] Error: PLayerTransaction::Msg_ReleaseLayer Processing error: message was deserialized, but the handler returned false (indicating failure)

IPDL protocol error: Handler returned error code!

###!!! [Parent][DispatchAsyncMessage] Error: PLayerTransaction::Msg_ReleaseLayer Processing error: message was deserialized, but the handler returned false (indicating failure)

IPDL protocol error: Handler returned error code!

###!!! [Parent][DispatchAsyncMessage] Error: PLayerTransaction::Msg_ReleaseLayer Processing error: message was deserialized, but the handler returned false (indicating failure)

IPDL protocol error: Handler returned error code!

###!!! [Parent][DispatchAsyncMessage] Error: PLayerTransaction::Msg_ReleaseLayer Processing error: message was deserialized, but the handler returned false (indicating failure)

1629707308445	Marionette	INFO	Stopped listening on port 41957
console.warn: SearchSettings: "get: No settings file exists, new profile?" (new Error("", "(unknown module)"))
1629707309384	Marionette	INFO	Listening on port 36217
1629707309478	Marionette	WARN	TLS certificate errors will be ignored for this session
1629707324899	geckodriver	INFO	Listening on 127.0.0.1:51215
1629707324903	mozrunner::runner	INFO	Running command: "/usr/bin/firefox" "--marionette" "-foreground" "-no-remote" "-profile" "/tmp/rust_mozprofileL0SDwy"
1629707325349	Marionette	INFO	Marionette enabled
1629707326225	Marionette	INFO	Stopped listening on port 36217
console.warn: SearchSettings: "get: No settings file exists, new profile?" (new Error("", "(unknown module)"))
1629707327452	Marionette	INFO	Listening on port 43155
1629707327528	Marionette	WARN	TLS certificate errors will be ignored for this session
1629707333916	Marionette	INFO	Stopped listening on port 43155
1629707335548	geckodriver	INFO	Listening on 127.0.0.1:57061
1629707335553	mozrunner::runner	INFO	Running command: "/usr/bin/firefox" "--marionette" "-foreground" "-no-remote" "-profile" "/tmp/rust_mozprofileCMotIo"
1629707335995	Marionette	INFO	Marionette enabled
console.warn: SearchSettings: "get: No settings file exists, new profile?" (new Error("", "(unknown module)"))
1629707337927	Marionette	INFO	Listening on port 41305
1629707337976	Marionette	WARN	TLS certificate errors will be ignored for this session
1629707351310	Marionette	INFO	Stopped listening on port 41305
1629707375100	geckodriver	INFO	Listening on 127.0.0.1:56887
1629707375104	mozrunner::runner	INFO	Running command: "/usr/bin/firefox" "--marionette" "-foreground" "-no-remote" "-profile" "/tmp/rust_mozprofileceLdVV"
1629707375540	Marionette	INFO	Marionette enabled
console.warn: SearchSettings: "get: No settings file exists, new profile?" (new Error("", "(unknown module)"))
1629707377441	Marionette	INFO	Listening on port 33651
1629707377534	Marionette	WARN	TLS certificate errors will be ignored for this session
console.log: WebExtensions: reset-default-search: starting.
console.log: WebExtensions: reset-default-search: No addons in our list are installed.
1629707783788	geckodriver	INFO	Listening on 127.0.0.1:47445
1629707783793	mozrunner::runner	INFO	Running command: "/usr/bin/firefox" "--marionette" "-foreground" "-no-remote" "-profile" "/tmp/rust_mozprofilepAfULm"
1629707784230	Marionette	INFO	Marionette enabled
console.warn: SearchSettings: "get: No settings file exists, new profile?" (new Error("", "(unknown module)"))
1629707786165	Marionette	INFO	Listening on port 42815
1629707786223	Marionette	WARN	TLS certificate errors will be ignored for this session
JavaScript error: chrome://browser/content/browser-customization.js, line 166: NS_ERROR_NOT_INITIALIZED: 
1629707949518	Marionette	INFO	Stopped listening on port 42815
1629708016342	geckodriver	INFO	Listening on 127.0.0.1:44701
1629708016346	mozrunner::runner	INFO	Running command: "/usr/bin/firefox" "--marionette" "-foreground" "-no-remote" "-profile" "/tmp/rust_mozprofileeeHTaK"
1629708016800	Marionette	INFO	Marionette enabled
console.warn: SearchSettings: "get: No settings file exists, new profile?" (new Error("", "(unknown module)"))
1629708018690	Marionette	INFO	Listening on port 36337
1629708018770	Marionette	WARN	TLS certificate errors will be ignored for this session
1629708024313	Marionette	INFO	Stopped listening on port 36337
1629708034681	geckodriver	INFO	Listening on 127.0.0.1:46115
1629708034686	mozrunner::runner	INFO	Running command: "/usr/bin/firefox" "--marionette" "-foreground" "-no-remote" "-profile" "/tmp/rust_mozprofilevzPF3I"
1629708035132	Marionette	INFO	Marionette enabled
console.warn: SearchSettings: "get: No settings file exists, new profile?" (new Error("", "(unknown module)"))
1629708036987	Marionette	INFO	Listening on port 40113
1629708037010	Marionette	WARN	TLS certificate errors will be ignored for this session
1629708045148	Marionette	INFO	Stopped listening on port 40113
1629708062437	geckodriver	INFO	Listening on 127.0.0.1:52865
1629708062441	mozrunner::runner	INFO	Running command: "/usr/bin/firefox" "--marionette" "-foreground" "-no-remote" "-profile" "/tmp/rust_mozprofiley6AuG8"
1629708062883	Marionette	INFO	Marionette enabled
console.warn: SearchSettings: "get: No settings file exists, new profile?" (new Error("", "(unknown module)"))
1629708064783	Marionette	INFO	Listening on port 38351
1629708064875	Marionette	WARN	TLS certificate errors will be ignored for this session
JavaScript error: chrome://browser/content/browser-customization.js, line 166: NS_ERROR_NOT_INITIALIZED: 
1629708106978	Marionette	INFO	Stopped listening on port 38351
1629708274259	geckodriver	INFO	Listening on 127.0.0.1:46507
1629708274264	mozrunner::runner	INFO	Running command: "/usr/bin/firefox" "--marionette" "-foreground" "-no-remote" "-profile" "/tmp/rust_mozprofilesBHURr"
1629708274710	Marionette	INFO	Marionette enabled
console.warn: SearchSettings: "get: No settings file exists, new profile?" (new Error("", "(unknown module)"))
1629708276614	Marionette	INFO	Listening on port 41295
1629708276685	Marionette	WARN	TLS certificate errors will be ignored for this session
1629708286897	Marionette	INFO	Stopped listening on port 41295
1629708336628	geckodriver	INFO	Listening on 127.0.0.1:59271
1629708336633	mozrunner::runner	INFO	Running command: "/usr/bin/firefox" "--marionette" "-foreground" "-no-remote" "-profile" "/tmp/rust_mozprofileX7BrkU"
1629708337074	Marionette	INFO	Marionette enabled
console.warn: SearchSettings: "get: No settings file exists, new profile?" (new Error("", "(unknown module)"))
1629708338953	Marionette	INFO	Listening on port 39191
1629708339057	Marionette	WARN	TLS certificate errors will be ignored for this session
JavaScript error: chrome://browser/content/browser-customization.js, line 166: NS_ERROR_NOT_INITIALIZED: 
1629708355588	Marionette	INFO	Stopped listening on port 39191
1629708362248	geckodriver	INFO	Listening on 127.0.0.1:47675
1629708362256	mozrunner::runner	INFO	Running command: "/usr/bin/firefox" "--marionette" "-foreground" "-no-remote" "-profile" "/tmp/rust_mozprofile3XKjzC"
1629708362692	Marionette	INFO	Marionette enabled
console.warn: SearchSettings: "get: No settings file exists, new profile?" (new Error("", "(unknown module)"))
1629708364603	Marionette	INFO	Listening on port 38143
1629708364685	Marionette	WARN	TLS certificate errors will be ignored for this session
JavaScript error: chrome://browser/content/browser-customization.js, line 166: NS_ERROR_NOT_INITIALIZED: 
1629708424724	Marionette	INFO	Stopped listening on port 38143
1629708452599	geckodriver	INFO	Listening on 127.0.0.1:48099
1629708452603	mozrunner::runner	INFO	Running command: "/usr/bin/firefox" "--marionette" "-foreground" "-no-remote" "-profile" "/tmp/rust_mozprofilef3g31N"
1629708453025	Marionette	INFO	Marionette enabled
console.warn: SearchSettings: "get: No settings file exists, new profile?" (new Error("", "(unknown module)"))
1629708454919	Marionette	INFO	Listening on port 33203
1629708455036	Marionette	WARN	TLS certificate errors will be ignored for this session
1629708498592	Marionette	INFO	Stopped listening on port 33203
1629708535806	geckodriver	INFO	Listening on 127.0.0.1:33103
1629708535810	mozrunner::runner	INFO	Running command: "/usr/bin/firefox" "--marionette" "-foreground" "-no-remote" "-profile" "/tmp/rust_mozprofileULuNvW"
1629708536256	Marionette	INFO	Marionette enabled
console.warn: SearchSettings: "get: No settings file exists, new profile?" (new Error("", "(unknown module)"))
1629708538125	Marionette	INFO	Listening on port 45533
1629708538232	Marionette	WARN	TLS certificate errors will be ignored for this session
1629708564918	Marionette	INFO	Stopped listening on port 45533
1629708575682	geckodriver	INFO	Listening on 127.0.0.1:47169
1629708575686	mozrunner::runner	INFO	Running command: "/usr/bin/firefox" "--marionette" "-foreground" "-no-remote" "-profile" "/tmp/rust_mozprofileGJTd2f"
1629708576129	Marionette	INFO	Marionette enabled
console.warn: SearchSettings: "get: No settings file exists, new profile?" (new Error("", "(unknown module)"))
1629708578014	Marionette	INFO	Listening on port 33557
1629708578114	Marionette	WARN	TLS certificate errors will be ignored for this session
1629708605177	Marionette	INFO	Stopped listening on port 33557
1629708686554	geckodriver	INFO	Listening on 127.0.0.1:54879
1629708686558	mozrunner::runner	INFO	Running command: "/usr/bin/firefox" "--marionette" "-foreground" "-no-remote" "-profile" "/tmp/rust_mozprofileb6d7HM"
1629708686995	Marionette	INFO	Marionette enabled
console.warn: SearchSettings: "get: No settings file exists, new profile?" (new Error("", "(unknown module)"))
1629708688847	Marionette	INFO	Listening on port 37103
1629708688882	Marionette	WARN	TLS certificate errors will be ignored for this session
1629708700715	Marionette	INFO	Stopped listening on port 37103
1629708738648	geckodriver	INFO	Listening on 127.0.0.1:37399
1629708738654	mozrunner::runner	INFO	Running command: "/usr/bin/firefox" "--marionette" "-foreground" "-no-remote" "-profile" "/tmp/rust_mozprofileHhGDGY"
1629708739094	Marionette	INFO	Marionette enabled
console.warn: SearchSettings: "get: No settings file exists, new profile?" (new Error("", "(unknown module)"))
1629708741031	Marionette	INFO	Listening on port 35045
1629708741083	Marionette	WARN	TLS certificate errors will be ignored for this session
1629708743940	Marionette	INFO	Stopped listening on port 35045
1629708904134	geckodriver	INFO	Listening on 127.0.0.1:50075
1629708904139	mozrunner::runner	INFO	Running command: "/usr/bin/firefox" "--marionette" "-foreground" "-no-remote" "-profile" "/tmp/rust_mozprofiledBAjT4"
1629708904597	Marionette	INFO	Marionette enabled
console.warn: SearchSettings: "get: No settings file exists, new profile?" (new Error("", "(unknown module)"))
1629708906440	Marionette	INFO	Listening on port 39535
1629708906465	Marionette	WARN	TLS certificate errors will be ignored for this session
JavaScript error: chrome://browser/content/browser-customization.js, line 166: NS_ERROR_NOT_INITIALIZED: 
1629708911540	Marionette	INFO	Stopped listening on port 39535
1629708935693	geckodriver	INFO	Listening on 127.0.0.1:41563
1629708935698	mozrunner::runner	INFO	Running command: "/usr/bin/firefox" "--marionette" "-foreground" "-no-remote" "-profile" "/tmp/rust_mozprofileEx6UNW"
1629708936133	Marionette	INFO	Marionette enabled
console.warn: SearchSettings: "get: No settings file exists, new profile?" (new Error("", "(unknown module)"))
1629708938006	Marionette	INFO	Listening on port 42935
1629708938124	Marionette	WARN	TLS certificate errors will be ignored for this session
1629708958050	Marionette	INFO	Stopped listening on port 42935
1629709175028	geckodriver	INFO	Listening on 127.0.0.1:36937
1629709175032	mozrunner::runner	INFO	Running command: "/usr/bin/firefox" "--marionette" "-foreground" "-no-remote" "-profile" "/tmp/rust_mozprofilebcGnf5"
1629709175476	Marionette	INFO	Marionette enabled
console.warn: SearchSettings: "get: No settings file exists, new profile?" (new Error("", "(unknown module)"))
1629709177397	Marionette	INFO	Listening on port 33047
1629709177456	Marionette	WARN	TLS certificate errors will be ignored for this session
1629709199855	Marionette	INFO	Stopped listening on port 33047
1629709275778	geckodriver	INFO	Listening on 127.0.0.1:43179
1629709275782	mozrunner::runner	INFO	Running command: "/usr/bin/firefox" "--marionette" "-foreground" "-no-remote" "-profile" "/tmp/rust_mozprofileRnLyZR"
1629709276219	Marionette	INFO	Marionette enabled
console.warn: SearchSettings: "get: No settings file exists, new profile?" (new Error("", "(unknown module)"))
1629709278089	Marionette	INFO	Listening on port 46805
1629709278205	Marionette	WARN	TLS certificate errors will be ignored for this session
1629709288819	Marionette	INFO	Stopped listening on port 46805
1629709403586	geckodriver	INFO	Listening on 127.0.0.1:38841
1629709403591	mozrunner::runner	INFO	Running command: "/usr/bin/firefox" "--marionette" "-foreground" "-no-remote" "-profile" "/tmp/rust_mozprofileazrRxd"
1629709404030	Marionette	INFO	Marionette enabled
console.warn: SearchSettings: "get: No settings file exists, new profile?" (new Error("", "(unknown module)"))
1629709405931	Marionette	INFO	Listening on port 44027
1629709406028	Marionette	WARN	TLS certificate errors will be ignored for this session
1629709416706	Marionette	INFO	Stopped listening on port 44027
1629709924645	geckodriver	INFO	Listening on 127.0.0.1:54233
1629709924650	mozrunner::runner	INFO	Running command: "/usr/bin/firefox" "--marionette" "-foreground" "-no-remote" "-profile" "/tmp/rust_mozprofileGh1ZUP"
1629709925104	Marionette	INFO	Marionette enabled
console.warn: SearchSettings: "get: No settings file exists, new profile?" (new Error("", "(unknown module)"))
1629709927003	Marionette	INFO	Listening on port 36421
1629709927078	Marionette	WARN	TLS certificate errors will be ignored for this session
1629709937742	Marionette	INFO	Stopped listening on port 36421
1629710020283	geckodriver	INFO	Listening on 127.0.0.1:58759
1629710020287	mozrunner::runner	INFO	Running command: "/usr/bin/firefox" "--marionette" "-foreground" "-no-remote" "-profile" "/tmp/rust_mozprofilePRCYtr"
1629710020722	Marionette	INFO	Marionette enabled
console.warn: SearchSettings: "get: No settings file exists, new profile?" (new Error("", "(unknown module)"))
1629710022652	Marionette	INFO	Listening on port 37841
1629710022715	Marionette	WARN	TLS certificate errors will be ignored for this session
1629710033742	Marionette	INFO	Stopped listening on port 37841
1629710513627	geckodriver	INFO	Listening on 127.0.0.1:59913
1629710513632	mozrunner::runner	INFO	Running command: "/usr/bin/firefox" "--marionette" "-foreground" "-no-remote" "-profile" "/tmp/rust_mozprofileHwhwYs"
1629710514079	Marionette	INFO	Marionette enabled
console.warn: SearchSettings: "get: No settings file exists, new profile?" (new Error("", "(unknown module)"))
1629710516029	Marionette	INFO	Listening on port 37573
1629710516065	Marionette	WARN	TLS certificate errors will be ignored for this session
1629710526948	Marionette	INFO	Stopped listening on port 37573
1629710587539	geckodriver	INFO	Listening on 127.0.0.1:53081
1629710587544	mozrunner::runner	INFO	Running command: "/usr/bin/firefox" "--marionette" "-foreground" "-no-remote" "-profile" "/tmp/rust_mozprofilek6qS0i"
1629710587990	Marionette	INFO	Marionette enabled
console.warn: SearchSettings: "get: No settings file exists, new profile?" (new Error("", "(unknown module)"))
1629710589984	Marionette	INFO	Listening on port 36081
1629710590073	Marionette	WARN	TLS certificate errors will be ignored for this session
1629710601096	Marionette	INFO	Stopped listening on port 36081
1629711110456	geckodriver	INFO	Listening on 127.0.0.1:42711
1629711110461	mozrunner::runner	INFO	Running command: "/usr/bin/firefox" "--marionette" "-foreground" "-no-remote" "-profile" "/tmp/rust_mozprofileIHOoaz"
1629711110909	Marionette	INFO	Marionette enabled
console.warn: SearchSettings: "get: No settings file exists, new profile?" (new Error("", "(unknown module)"))
1629711112817	Marionette	INFO	Listening on port 42611
1629711112887	Marionette	WARN	TLS certificate errors will be ignored for this session
1629711142015	Marionette	INFO	Stopped listening on port 42611
1629711164435	geckodriver	INFO	Listening on 127.0.0.1:43681
1629711164440	mozrunner::runner	INFO	Running command: "/usr/bin/firefox" "--marionette" "-foreground" "-no-remote" "-profile" "/tmp/rust_mozprofile5uGCyH"
1629711164889	Marionette	INFO	Marionette enabled
console.warn: SearchSettings: "get: No settings file exists, new profile?" (new Error("", "(unknown module)"))
1629711166803	Marionette	INFO	Listening on port 36943
1629711166863	Marionette	WARN	TLS certificate errors will be ignored for this session
1629711176604	Marionette	INFO	Stopped listening on port 36943
1629711202234	geckodriver	INFO	Listening on 127.0.0.1:38281
1629711202239	mozrunner::runner	INFO	Running command: "/usr/bin/firefox" "--marionette" "-foreground" "-no-remote" "-profile" "/tmp/rust_mozprofilem52dj8"
1629711202673	Marionette	INFO	Marionette enabled
console.warn: SearchSettings: "get: No settings file exists, new profile?" (new Error("", "(unknown module)"))
1629711204586	Marionette	INFO	Listening on port 38381
1629711204665	Marionette	WARN	TLS certificate errors will be ignored for this session
1629711252915	Marionette	INFO	Stopped listening on port 38381
1629711290916	geckodriver	INFO	Listening on 127.0.0.1:46541
1629711290921	mozrunner::runner	INFO	Running command: "/usr/bin/firefox" "--marionette" "-foreground" "-no-remote" "-profile" "/tmp/rust_mozprofileQVPg9S"
1629711291358	Marionette	INFO	Marionette enabled
console.warn: SearchSettings: "get: No settings file exists, new profile?" (new Error("", "(unknown module)"))
1629711293230	Marionette	INFO	Listening on port 37795
1629711293346	Marionette	WARN	TLS certificate errors will be ignored for this session
1629711307069	Marionette	INFO	Stopped listening on port 37795
1629711336853	geckodriver	INFO	Listening on 127.0.0.1:51707
1629711336858	mozrunner::runner	INFO	Running command: "/usr/bin/firefox" "--marionette" "-foreground" "-no-remote" "-profile" "/tmp/rust_mozprofileHg7UJ1"
1629711337303	Marionette	INFO	Marionette enabled
console.warn: SearchSettings: "get: No settings file exists, new profile?" (new Error("", "(unknown module)"))
1629711339189	Marionette	INFO	Listening on port 44561
1629711339289	Marionette	WARN	TLS certificate errors will be ignored for this session
1629711353298	Marionette	INFO	Stopped listening on port 44561
1629711639424	geckodriver	INFO	Listening on 127.0.0.1:48123
1629711639428	mozrunner::runner	INFO	Running command: "/usr/bin/firefox" "--marionette" "-foreground" "-no-remote" "-profile" "/tmp/rust_mozprofile2kxi60"
1629711639870	Marionette	INFO	Marionette enabled
console.warn: SearchSettings: "get: No settings file exists, new profile?" (new Error("", "(unknown module)"))
1629711641783	Marionette	INFO	Listening on port 33147
1629711641853	Marionette	WARN	TLS certificate errors will be ignored for this session
1629711655480	Marionette	INFO	Stopped listening on port 33147
1629711744015	geckodriver	INFO	Listening on 127.0.0.1:57839
1629711744020	mozrunner::runner	INFO	Running command: "/usr/bin/firefox" "--marionette" "-foreground" "-no-remote" "-profile" "/tmp/rust_mozprofileiqHvv2"
1629711744452	Marionette	INFO	Marionette enabled
console.warn: SearchSettings: "get: No settings file exists, new profile?" (new Error("", "(unknown module)"))
1629711746310	Marionette	INFO	Listening on port 42803
1629711746346	Marionette	WARN	TLS certificate errors will be ignored for this session
1629711756166	Marionette	INFO	Stopped listening on port 42803
1629711906839	geckodriver	INFO	Listening on 127.0.0.1:33543
1629711906844	mozrunner::runner	INFO	Running command: "/usr/bin/firefox" "--marionette" "-foreground" "-no-remote" "-profile" "/tmp/rust_mozprofileEBho3f"
1629711907281	Marionette	INFO	Marionette enabled
console.warn: SearchSettings: "get: No settings file exists, new profile?" (new Error("", "(unknown module)"))
1629711909296	Marionette	INFO	Listening on port 33493
1629711909365	Marionette	WARN	TLS certificate errors will be ignored for this session
1629711917875	Marionette	INFO	Stopped listening on port 33493
1629711926593	geckodriver	INFO	Listening on 127.0.0.1:44815
1629711926598	mozrunner::runner	INFO	Running command: "/usr/bin/firefox" "--marionette" "-foreground" "-no-remote" "-profile" "/tmp/rust_mozprofilewBpmkM"
1629711927044	Marionette	INFO	Marionette enabled
console.warn: SearchSettings: "get: No settings file exists, new profile?" (new Error("", "(unknown module)"))
1629711928892	Marionette	INFO	Listening on port 41073
1629711928922	Marionette	WARN	TLS certificate errors will be ignored for this session
1629711932316	Marionette	INFO	Stopped listening on port 41073
1629711959797	geckodriver	INFO	Listening on 127.0.0.1:33345
1629711959802	mozrunner::runner	INFO	Running command: "/usr/bin/firefox" "--marionette" "-foreground" "-no-remote" "-profile" "/tmp/rust_mozprofilesWQDtJ"
1629711960242	Marionette	INFO	Marionette enabled
console.warn: SearchSettings: "get: No settings file exists, new profile?" (new Error("", "(unknown module)"))
1629711962110	Marionette	INFO	Listening on port 37135
1629711962224	Marionette	WARN	TLS certificate errors will be ignored for this session
1629711964404	Marionette	INFO	Stopped listening on port 37135
1629712022429	geckodriver	INFO	Listening on 127.0.0.1:47723
1629712022433	mozrunner::runner	INFO	Running command: "/usr/bin/firefox" "--marionette" "-foreground" "-no-remote" "-profile" "/tmp/rust_mozprofileNJRMeM"
1629712022872	Marionette	INFO	Marionette enabled
console.warn: SearchSettings: "get: No settings file exists, new profile?" (new Error("", "(unknown module)"))
1629712024731	Marionette	INFO	Listening on port 39969
1629712024760	Marionette	WARN	TLS certificate errors will be ignored for this session
1629712027967	Marionette	INFO	Stopped listening on port 39969
1629712039478	geckodriver	INFO	Listening on 127.0.0.1:56665
1629712039483	mozrunner::runner	INFO	Running command: "/usr/bin/firefox" "--marionette" "-foreground" "-no-remote" "-profile" "/tmp/rust_mozprofileufC7BC"
1629712039917	Marionette	INFO	Marionette enabled
console.warn: SearchSettings: "get: No settings file exists, new profile?" (new Error("", "(unknown module)"))
1629712041872	Marionette	INFO	Listening on port 41397
1629712041911	Marionette	WARN	TLS certificate errors will be ignored for this session
1629712053036	Marionette	INFO	Stopped listening on port 41397
1629712075935	geckodriver	INFO	Listening on 127.0.0.1:50035
1629712075939	mozrunner::runner	INFO	Running command: "/usr/bin/firefox" "--marionette" "-foreground" "-no-remote" "-profile" "/tmp/rust_mozprofileKj1ChB"
1629712076375	Marionette	INFO	Marionette enabled
console.warn: SearchSettings: "get: No settings file exists, new profile?" (new Error("", "(unknown module)"))
1629712078279	Marionette	INFO	Listening on port 39649
1629712078375	Marionette	WARN	TLS certificate errors will be ignored for this session
1629712091904	Marionette	INFO	Stopped listening on port 39649
1629712101336	geckodriver	INFO	Listening on 127.0.0.1:51237
1629712101340	mozrunner::runner	INFO	Running command: "/usr/bin/firefox" "--marionette" "-foreground" "-no-remote" "-profile" "/tmp/rust_mozprofilewDmxdW"
1629712101776	Marionette	INFO	Marionette enabled
console.warn: SearchSettings: "get: No settings file exists, new profile?" (new Error("", "(unknown module)"))
1629712103713	Marionette	INFO	Listening on port 34653
1629712103763	Marionette	WARN	TLS certificate errors will be ignored for this session
1629712114752	Marionette	INFO	Stopped listening on port 34653
1629712151996	geckodriver	INFO	Listening on 127.0.0.1:45135
1629712152001	mozrunner::runner	INFO	Running command: "/usr/bin/firefox" "--marionette" "-foreground" "-no-remote" "-profile" "/tmp/rust_mozprofileSeCc01"
1629712152447	Marionette	INFO	Marionette enabled
console.warn: SearchSettings: "get: No settings file exists, new profile?" (new Error("", "(unknown module)"))
1629712154307	Marionette	INFO	Listening on port 33625
1629712154424	Marionette	WARN	TLS certificate errors will be ignored for this session
1629712167933	Marionette	INFO	Stopped listening on port 33625
1629712170119	geckodriver	INFO	Listening on 127.0.0.1:59565
1629712170124	mozrunner::runner	INFO	Running command: "/usr/bin/firefox" "--marionette" "-foreground" "-no-remote" "-profile" "/tmp/rust_mozprofileKfzW2d"
1629712170573	Marionette	INFO	Marionette enabled
console.warn: SearchSettings: "get: No settings file exists, new profile?" (new Error("", "(unknown module)"))
1629712172493	Marionette	INFO	Listening on port 38455
1629712172546	Marionette	WARN	TLS certificate errors will be ignored for this session
1629712183558	Marionette	INFO	Stopped listening on port 38455
1629712247084	geckodriver	INFO	Listening on 127.0.0.1:54873
1629712247088	mozrunner::runner	INFO	Running command: "/usr/bin/firefox" "--marionette" "-foreground" "-no-remote" "-profile" "/tmp/rust_mozprofile5nKI4z"
1629712247532	Marionette	INFO	Marionette enabled
console.warn: SearchSettings: "get: No settings file exists, new profile?" (new Error("", "(unknown module)"))
1629712249403	Marionette	INFO	Listening on port 43053
1629712249513	Marionette	WARN	TLS certificate errors will be ignored for this session
1629712250271	Marionette	INFO	Stopped listening on port 43053
1629712877995	geckodriver	INFO	Listening on 127.0.0.1:51239
1629712877999	mozrunner::runner	INFO	Running command: "/usr/bin/firefox" "--marionette" "-foreground" "-no-remote" "-profile" "/tmp/rust_mozprofilelBI0av"
1629712878437	Marionette	INFO	Marionette enabled
console.warn: SearchSettings: "get: No settings file exists, new profile?" (new Error("", "(unknown module)"))
1629712880363	Marionette	INFO	Listening on port 33819
1629712880428	Marionette	WARN	TLS certificate errors will be ignored for this session
Exiting due to channel error.
Exiting due to channel error.
Exiting due to channel error.
1629712898341	geckodriver	INFO	Listening on 127.0.0.1:47861
1629712898346	mozrunner::runner	INFO	Running command: "/usr/bin/firefox" "--marionette" "-foreground" "-no-remote" "-profile" "/tmp/rust_mozprofilegVN9kL"
1629712898785	Marionette	INFO	Marionette enabled
console.warn: SearchSettings: "get: No settings file exists, new profile?" (new Error("", "(unknown module)"))
1629712900630	Marionette	INFO	Listening on port 32921
1629712900677	Marionette	WARN	TLS certificate errors will be ignored for this session
1629712916802	Marionette	INFO	Stopped listening on port 32921
1629712955242	geckodriver	INFO	Listening on 127.0.0.1:45935
1629712955247	mozrunner::runner	INFO	Running command: "/usr/bin/firefox" "--marionette" "-foreground" "-no-remote" "-profile" "/tmp/rust_mozprofilek3gbyP"
1629712955684	Marionette	INFO	Marionette enabled
console.warn: SearchSettings: "get: No settings file exists, new profile?" (new Error("", "(unknown module)"))
1629712957544	Marionette	INFO	Listening on port 38603
1629712957577	Marionette	WARN	TLS certificate errors will be ignored for this session
1629712969231	Marionette	INFO	Stopped listening on port 38603
1629713033584	geckodriver	INFO	Listening on 127.0.0.1:52225
1629713033589	mozrunner::runner	INFO	Running command: "/usr/bin/firefox" "--marionette" "-foreground" "-no-remote" "-profile" "/tmp/rust_mozprofile3GSoIE"
1629713034042	Marionette	INFO	Marionette enabled
console.warn: SearchSettings: "get: No settings file exists, new profile?" (new Error("", "(unknown module)"))
1629713036005	Marionette	INFO	Listening on port 44841
1629713036112	Marionette	WARN	TLS certificate errors will be ignored for this session
1629713046435	Marionette	INFO	Stopped listening on port 44841
1629713076957	geckodriver	INFO	Listening on 127.0.0.1:54849
1629713076962	mozrunner::runner	INFO	Running command: "/usr/bin/firefox" "--marionette" "-foreground" "-no-remote" "-profile" "/tmp/rust_mozprofileBoRnUp"
1629713077395	Marionette	INFO	Marionette enabled
console.warn: SearchSettings: "get: No settings file exists, new profile?" (new Error("", "(unknown module)"))
1629713079259	Marionette	INFO	Listening on port 40645
1629713079285	Marionette	WARN	TLS certificate errors will be ignored for this session
1629713084560	Marionette	INFO	Stopped listening on port 40645
1629713097871	geckodriver	INFO	Listening on 127.0.0.1:57097
1629713097876	mozrunner::runner	INFO	Running command: "/usr/bin/firefox" "--marionette" "-foreground" "-no-remote" "-profile" "/tmp/rust_mozprofile9wvYVS"
1629713098314	Marionette	INFO	Marionette enabled
console.warn: SearchSettings: "get: No settings file exists, new profile?" (new Error("", "(unknown module)"))
1629713100181	Marionette	INFO	Listening on port 45287
1629713100306	Marionette	WARN	TLS certificate errors will be ignored for this session
1629713113897	Marionette	INFO	Stopped listening on port 45287
1629713159569	geckodriver	INFO	Listening on 127.0.0.1:52053
1629713159574	mozrunner::runner	INFO	Running command: "/usr/bin/firefox" "--marionette" "-foreground" "-no-remote" "-profile" "/tmp/rust_mozprofileB2bvKk"
1629713160012	Marionette	INFO	Marionette enabled
console.warn: SearchSettings: "get: No settings file exists, new profile?" (new Error("", "(unknown module)"))
1629713161903	Marionette	INFO	Listening on port 44219
1629713161997	Marionette	WARN	TLS certificate errors will be ignored for this session
1629713169101	Marionette	INFO	Stopped listening on port 44219
1629713261606	geckodriver	INFO	Listening on 127.0.0.1:44919
1629713261611	mozrunner::runner	INFO	Running command: "/usr/bin/firefox" "--marionette" "-foreground" "-no-remote" "-profile" "/tmp/rust_mozprofile8fwtbm"
1629713262040	Marionette	INFO	Marionette enabled
console.warn: SearchSettings: "get: No settings file exists, new profile?" (new Error("", "(unknown module)"))
1629713263883	Marionette	INFO	Listening on port 43869
1629713263933	Marionette	WARN	TLS certificate errors will be ignored for this session
1629713277445	Marionette	INFO	Stopped listening on port 43869
1629713304029	geckodriver	INFO	Listening on 127.0.0.1:34787
1629713304034	mozrunner::runner	INFO	Running command: "/usr/bin/firefox" "--marionette" "-foreground" "-no-remote" "-profile" "/tmp/rust_mozprofileC8FoHC"
1629713304470	Marionette	INFO	Marionette enabled
console.warn: SearchSettings: "get: No settings file exists, new profile?" (new Error("", "(unknown module)"))
1629713306434	Marionette	INFO	Listening on port 45685
1629713306462	Marionette	WARN	TLS certificate errors will be ignored for this session
1629713313747	Marionette	INFO	Stopped listening on port 45685
1629713326094	geckodriver	INFO	Listening on 127.0.0.1:33093
1629713326099	mozrunner::runner	INFO	Running command: "/usr/bin/firefox" "--marionette" "-foreground" "-no-remote" "-profile" "/tmp/rust_mozprofileQhZHnA"
1629713326552	Marionette	INFO	Marionette enabled
console.warn: SearchSettings: "get: No settings file exists, new profile?" (new Error("", "(unknown module)"))
1629713328457	Marionette	INFO	Listening on port 41719
1629713328522	Marionette	WARN	TLS certificate errors will be ignored for this session
1629713342316	Marionette	INFO	Stopped listening on port 41719
1629713352250	geckodriver	INFO	Listening on 127.0.0.1:34013
1629713352255	mozrunner::runner	INFO	Running command: "/usr/bin/firefox" "--marionette" "-foreground" "-no-remote" "-profile" "/tmp/rust_mozprofileqCL22d"
1629713352697	Marionette	INFO	Marionette enabled
console.warn: SearchSettings: "get: No settings file exists, new profile?" (new Error("", "(unknown module)"))
1629713354585	Marionette	INFO	Listening on port 42049
1629713354687	Marionette	WARN	TLS certificate errors will be ignored for this session
1629713364447	Marionette	INFO	Stopped listening on port 42049
1629713377349	geckodriver	INFO	Listening on 127.0.0.1:41055
1629713377354	mozrunner::runner	INFO	Running command: "/usr/bin/firefox" "--marionette" "-foreground" "-no-remote" "-profile" "/tmp/rust_mozprofileNvvIXH"
1629713377797	Marionette	INFO	Marionette enabled
console.warn: SearchSettings: "get: No settings file exists, new profile?" (new Error("", "(unknown module)"))
1629713379702	Marionette	INFO	Listening on port 41473
1629713379783	Marionette	WARN	TLS certificate errors will be ignored for this session
1629713423147	Marionette	INFO	Stopped listening on port 41473
1629713431755	geckodriver	INFO	Listening on 127.0.0.1:36627
1629713431759	mozrunner::runner	INFO	Running command: "/usr/bin/firefox" "--marionette" "-foreground" "-no-remote" "-profile" "/tmp/rust_mozprofileSg3r6B"
1629713432203	Marionette	INFO	Marionette enabled
console.warn: SearchSettings: "get: No settings file exists, new profile?" (new Error("", "(unknown module)"))
1629713434056	Marionette	INFO	Listening on port 37755
1629713434083	Marionette	WARN	TLS certificate errors will be ignored for this session
1629713478267	Marionette	INFO	Stopped listening on port 37755
1629713486419	geckodriver	INFO	Listening on 127.0.0.1:36283
1629713486423	mozrunner::runner	INFO	Running command: "/usr/bin/firefox" "--marionette" "-foreground" "-no-remote" "-profile" "/tmp/rust_mozprofileVlicWl"
1629713486856	Marionette	INFO	Marionette enabled
console.warn: SearchSettings: "get: No settings file exists, new profile?" (new Error("", "(unknown module)"))
1629713488831	Marionette	INFO	Listening on port 38813
1629713488946	Marionette	WARN	TLS certificate errors will be ignored for this session
1629713502307	Marionette	INFO	Stopped listening on port 38813
1629713524958	geckodriver	INFO	Listening on 127.0.0.1:43713
1629713524962	mozrunner::runner	INFO	Running command: "/usr/bin/firefox" "--marionette" "-foreground" "-no-remote" "-profile" "/tmp/rust_mozprofilee0bRJw"
1629713525407	Marionette	INFO	Marionette enabled
console.warn: SearchSettings: "get: No settings file exists, new profile?" (new Error("", "(unknown module)"))
1629713527269	Marionette	INFO	Listening on port 37973
1629713527385	Marionette	WARN	TLS certificate errors will be ignored for this session
1629713561828	Marionette	INFO	Stopped listening on port 37973
1629713590106	geckodriver	INFO	Listening on 127.0.0.1:37327
1629713590111	mozrunner::runner	INFO	Running command: "/usr/bin/firefox" "--marionette" "-foreground" "-no-remote" "-profile" "/tmp/rust_mozprofileu3xljc"
1629713590561	Marionette	INFO	Marionette enabled
console.warn: SearchSettings: "get: No settings file exists, new profile?" (new Error("", "(unknown module)"))
1629713592466	Marionette	INFO	Listening on port 40471
1629713592535	Marionette	WARN	TLS certificate errors will be ignored for this session
1629713615462	Marionette	INFO	Stopped listening on port 40471
1629713621055	geckodriver	INFO	Listening on 127.0.0.1:51475
1629713621060	mozrunner::runner	INFO	Running command: "/usr/bin/firefox" "--marionette" "-foreground" "-no-remote" "-profile" "/tmp/rust_mozprofileb9WJYf"
1629713621504	Marionette	INFO	Marionette enabled
console.warn: SearchSettings: "get: No settings file exists, new profile?" (new Error("", "(unknown module)"))
1629713623411	Marionette	INFO	Listening on port 38313
1629713623490	Marionette	WARN	TLS certificate errors will be ignored for this session
IPDL protocol error: Handler returned error code!

###!!! [Parent][DispatchAsyncMessage] Error: PLayerTransaction::Msg_ReleaseLayer Processing error: message was deserialized, but the handler returned false (indicating failure)

IPDL protocol error: Handler returned error code!

###!!! [Parent][DispatchAsyncMessage] Error: PLayerTransaction::Msg_ReleaseLayer Processing error: message was deserialized, but the handler returned false (indicating failure)

IPDL protocol error: Handler returned error code!

###!!! [Parent][DispatchAsyncMessage] Error: PLayerTransaction::Msg_ReleaseLayer Processing error: message was deserialized, but the handler returned false (indicating failure)

IPDL protocol error: Handler returned error code!

###!!! [Parent][DispatchAsyncMessage] Error: PLayerTransaction::Msg_ReleaseLayer Processing error: message was deserialized, but the handler returned false (indicating failure)

IPDL protocol error: Handler returned error code!

###!!! [Parent][DispatchAsyncMessage] Error: PLayerTransaction::Msg_ReleaseLayer Processing error: message was deserialized, but the handler returned false (indicating failure)

IPDL protocol error: Handler returned error code!

###!!! [Parent][DispatchAsyncMessage] Error: PLayerTransaction::Msg_ReleaseLayer Processing error: message was deserialized, but the handler returned false (indicating failure)

1629713639918	Marionette	INFO	Stopped listening on port 33651
1629713715937	geckodriver	INFO	Listening on 127.0.0.1:33597
1629713715942	mozrunner::runner	INFO	Running command: "/usr/bin/firefox" "--marionette" "-foreground" "-no-remote" "-profile" "/tmp/rust_mozprofileSNeQ9G"
1629713716381	Marionette	INFO	Marionette enabled
console.warn: SearchSettings: "get: No settings file exists, new profile?" (new Error("", "(unknown module)"))
1629713718224	Marionette	INFO	Listening on port 37495
1629713718270	Marionette	WARN	TLS certificate errors will be ignored for this session
1629713769209	Marionette	INFO	Stopped listening on port 37495
1629714000757	geckodriver	INFO	Listening on 127.0.0.1:36817
1629714000761	mozrunner::runner	INFO	Running command: "/usr/bin/firefox" "--marionette" "-foreground" "-no-remote" "-profile" "/tmp/rust_mozprofileLcvd8U"
1629714001203	Marionette	INFO	Marionette enabled
console.warn: SearchSettings: "get: No settings file exists, new profile?" (new Error("", "(unknown module)"))
1629714003170	Marionette	INFO	Listening on port 42985
1629714003284	Marionette	WARN	TLS certificate errors will be ignored for this session
console.log: WebExtensions: reset-default-search: starting.
console.log: WebExtensions: reset-default-search: No addons in our list are installed.
1629714012749	Marionette	INFO	Stopped listening on port 42985
1629714052941	geckodriver	INFO	Listening on 127.0.0.1:34803
1629714052946	mozrunner::runner	INFO	Running command: "/usr/bin/firefox" "--marionette" "-foreground" "-no-remote" "-profile" "/tmp/rust_mozprofilexcsdT8"
1629714053406	Marionette	INFO	Marionette enabled
console.warn: SearchSettings: "get: No settings file exists, new profile?" (new Error("", "(unknown module)"))
1629714055281	Marionette	INFO	Listening on port 44979
1629714055371	Marionette	WARN	TLS certificate errors will be ignored for this session
JavaScript error: chrome://browser/content/browser-customization.js, line 166: NS_ERROR_NOT_INITIALIZED: 
1629714074878	Marionette	INFO	Stopped listening on port 44979
1629714105571	geckodriver	INFO	Listening on 127.0.0.1:44611
1629714105576	mozrunner::runner	INFO	Running command: "/usr/bin/firefox" "--marionette" "-foreground" "-no-remote" "-profile" "/tmp/rust_mozprofileKWYad7"
1629714106023	Marionette	INFO	Marionette enabled
console.warn: SearchSettings: "get: No settings file exists, new profile?" (new Error("", "(unknown module)"))
1629714107902	Marionette	INFO	Listening on port 37389
1629714107999	Marionette	WARN	TLS certificate errors will be ignored for this session
1629714119635	Marionette	INFO	Stopped listening on port 37389
1629714124750	geckodriver	INFO	Listening on 127.0.0.1:50775
1629714124755	mozrunner::runner	INFO	Running command: "/usr/bin/firefox" "--marionette" "-foreground" "-no-remote" "-profile" "/tmp/rust_mozprofilewrzTRZ"
1629714125184	Marionette	INFO	Marionette enabled
console.warn: SearchSettings: "get: No settings file exists, new profile?" (new Error("", "(unknown module)"))
1629714127106	Marionette	INFO	Listening on port 43995
1629714127188	Marionette	WARN	TLS certificate errors will be ignored for this session
1629714159421	Marionette	INFO	Stopped listening on port 43995
1629714361867	geckodriver	INFO	Listening on 127.0.0.1:56407
1629714361872	mozrunner::runner	INFO	Running command: "/usr/bin/firefox" "--marionette" "-foreground" "-no-remote" "-profile" "/tmp/rust_mozprofileqLSyxl"
1629714362311	Marionette	INFO	Marionette enabled
console.warn: SearchSettings: "get: No settings file exists, new profile?" (new Error("", "(unknown module)"))
1629714364205	Marionette	INFO	Listening on port 37895
1629714364299	Marionette	WARN	TLS certificate errors will be ignored for this session
1629714378144	Marionette	INFO	Stopped listening on port 37895
1629714513170	geckodriver	INFO	Listening on 127.0.0.1:41703
1629714513175	mozrunner::runner	INFO	Running command: "/usr/bin/firefox" "--marionette" "-foreground" "-no-remote" "-profile" "/tmp/rust_mozprofileW6Syi9"
1629714513613	Marionette	INFO	Marionette enabled
console.warn: SearchSettings: "get: No settings file exists, new profile?" (new Error("", "(unknown module)"))
1629714515503	Marionette	INFO	Listening on port 34321
1629714515600	Marionette	WARN	TLS certificate errors will be ignored for this session
1629714609653	Marionette	INFO	Stopped listening on port 34321
1629714649551	geckodriver	INFO	Listening on 127.0.0.1:43559
1629714649556	mozrunner::runner	INFO	Running command: "/usr/bin/firefox" "--marionette" "-foreground" "-no-remote" "-profile" "/tmp/rust_mozprofile7LmHxK"
1629714650007	Marionette	INFO	Marionette enabled
console.warn: SearchSettings: "get: No settings file exists, new profile?" (new Error("", "(unknown module)"))
1629714651852	Marionette	INFO	Listening on port 39087
1629714651882	Marionette	WARN	TLS certificate errors will be ignored for this session
1629714662766	Marionette	INFO	Stopped listening on port 39087
1629714669815	geckodriver	INFO	Listening on 127.0.0.1:33547
1629714669820	mozrunner::runner	INFO	Running command: "/usr/bin/firefox" "--marionette" "-foreground" "-no-remote" "-profile" "/tmp/rust_mozprofile1g8Czt"
1629714670257	Marionette	INFO	Marionette enabled
console.warn: SearchSettings: "get: No settings file exists, new profile?" (new Error("", "(unknown module)"))
1629714672140	Marionette	INFO	Listening on port 46473
1629714672244	Marionette	WARN	TLS certificate errors will be ignored for this session
Exiting due to channel error.
Exiting due to channel error.
Exiting due to channel error.
1629715045527	geckodriver	INFO	Listening on 127.0.0.1:51631
1629715045532	mozrunner::runner	INFO	Running command: "/usr/bin/firefox" "--marionette" "-foreground" "-no-remote" "-profile" "/tmp/rust_mozprofileGeq13b"
1629715045975	Marionette	INFO	Marionette enabled
console.warn: SearchSettings: "get: No settings file exists, new profile?" (new Error("", "(unknown module)"))
1629715047901	Marionette	INFO	Listening on port 42283
1629715047956	Marionette	WARN	TLS certificate errors will be ignored for this session
JavaScript error: chrome://browser/content/browser-customization.js, line 166: NS_ERROR_NOT_INITIALIZED: 
1629715130978	Marionette	INFO	Stopped listening on port 42283
1629715316988	geckodriver	INFO	Listening on 127.0.0.1:45099
1629715316993	mozrunner::runner	INFO	Running command: "/usr/bin/firefox" "--marionette" "-foreground" "-no-remote" "-profile" "/tmp/rust_mozprofilecOZgfH"
1629715317433	Marionette	INFO	Marionette enabled
console.warn: SearchSettings: "get: No settings file exists, new profile?" (new Error("", "(unknown module)"))
1629715319406	Marionette	INFO	Listening on port 35729
1629715319521	Marionette	WARN	TLS certificate errors will be ignored for this session
Exiting due to channel error.
Exiting due to channel error.
Exiting due to channel error.
1629715420804	geckodriver	INFO	Listening on 127.0.0.1:33011
1629715420808	mozrunner::runner	INFO	Running command: "/usr/bin/firefox" "--marionette" "-foreground" "-no-remote" "-profile" "/tmp/rust_mozprofileEOyeul"
1629715421243	Marionette	INFO	Marionette enabled
console.warn: SearchSettings: "get: No settings file exists, new profile?" (new Error("", "(unknown module)"))
1629715423151	Marionette	INFO	Listening on port 36241
1629715423232	Marionette	WARN	TLS certificate errors will be ignored for this session
1629715533606	Marionette	INFO	Stopped listening on port 36241
1629716206174	geckodriver	INFO	Listening on 127.0.0.1:60805
1629716206178	mozrunner::runner	INFO	Running command: "/usr/bin/firefox" "--marionette" "-foreground" "-no-remote" "-profile" "/tmp/rust_mozprofileOheDkV"
1629716206606	Marionette	INFO	Marionette enabled
console.warn: SearchSettings: "get: No settings file exists, new profile?" (new Error("", "(unknown module)"))
1629716208542	Marionette	INFO	Listening on port 33497
1629716208607	Marionette	WARN	TLS certificate errors will be ignored for this session
1629716214996	Marionette	INFO	Stopped listening on port 33497
1629716221811	geckodriver	INFO	Listening on 127.0.0.1:44525
1629716221815	mozrunner::runner	INFO	Running command: "/usr/bin/firefox" "--marionette" "-foreground" "-no-remote" "-profile" "/tmp/rust_mozprofilejFEX0B"
1629716222255	Marionette	INFO	Marionette enabled
console.warn: SearchSettings: "get: No settings file exists, new profile?" (new Error("", "(unknown module)"))
1629716224191	Marionette	INFO	Listening on port 43979
1629716224238	Marionette	WARN	TLS certificate errors will be ignored for this session
1629716229318	Marionette	INFO	Stopped listening on port 43979
1629716264938	geckodriver	INFO	Listening on 127.0.0.1:36063
1629716264943	mozrunner::runner	INFO	Running command: "/usr/bin/firefox" "--marionette" "-foreground" "-no-remote" "-profile" "/tmp/rust_mozprofileGZocNv"
1629716265382	Marionette	INFO	Marionette enabled
console.warn: SearchSettings: "get: No settings file exists, new profile?" (new Error("", "(unknown module)"))
1629716267269	Marionette	INFO	Listening on port 44465
1629716267368	Marionette	WARN	TLS certificate errors will be ignored for this session
Exiting due to channel error.
Exiting due to channel error.
Exiting due to channel error.
1629716305999	geckodriver	INFO	Listening on 127.0.0.1:45227
1629716306004	mozrunner::runner	INFO	Running command: "/usr/bin/firefox" "--marionette" "-foreground" "-no-remote" "-profile" "/tmp/rust_mozprofileqxNKR5"
1629716306441	Marionette	INFO	Marionette enabled
console.warn: SearchSettings: "get: No settings file exists, new profile?" (new Error("", "(unknown module)"))
1629716308322	Marionette	INFO	Listening on port 46867
1629716308438	Marionette	WARN	TLS certificate errors will be ignored for this session
Exiting due to channel error.
Exiting due to channel error.
Exiting due to channel error.
1629716369758	geckodriver	INFO	Listening on 127.0.0.1:40617
1629716369763	mozrunner::runner	INFO	Running command: "/usr/bin/firefox" "--marionette" "-foreground" "-no-remote" "-profile" "/tmp/rust_mozprofileqYxmtX"
1629716370196	Marionette	INFO	Marionette enabled
console.warn: SearchSettings: "get: No settings file exists, new profile?" (new Error("", "(unknown module)"))
1629716372069	Marionette	INFO	Listening on port 45769
1629716372187	Marionette	WARN	TLS certificate errors will be ignored for this session
1629716480038	Marionette	INFO	Stopped listening on port 45769
1629716556188	geckodriver	INFO	Listening on 127.0.0.1:47091
1629716556192	mozrunner::runner	INFO	Running command: "/usr/bin/firefox" "--marionette" "-foreground" "-no-remote" "-profile" "/tmp/rust_mozprofileUK52qV"
1629716556625	Marionette	INFO	Marionette enabled
console.warn: SearchSettings: "get: No settings file exists, new profile?" (new Error("", "(unknown module)"))
1629716558505	Marionette	INFO	Listening on port 41999
1629716558615	Marionette	WARN	TLS certificate errors will be ignored for this session
IPDL protocol error: Handler returned error code!

###!!! [Parent][DispatchAsyncMessage] Error: PLayerTransaction::Msg_ReleaseLayer Processing error: message was deserialized, but the handler returned false (indicating failure)

IPDL protocol error: Handler returned error code!

###!!! [Parent][DispatchAsyncMessage] Error: PLayerTransaction::Msg_ReleaseLayer Processing error: message was deserialized, but the handler returned false (indicating failure)

IPDL protocol error: Handler returned error code!

###!!! [Parent][DispatchAsyncMessage] Error: PLayerTransaction::Msg_ReleaseLayer Processing error: message was deserialized, but the handler returned false (indicating failure)

IPDL protocol error: Handler returned error code!

###!!! [Parent][DispatchAsyncMessage] Error: PLayerTransaction::Msg_ReleaseLayer Processing error: message was deserialized, but the handler returned false (indicating failure)

IPDL protocol error: Handler returned error code!

###!!! [Parent][DispatchAsyncMessage] Error: PLayerTransaction::Msg_ReleaseLayer Processing error: message was deserialized, but the handler returned false (indicating failure)

IPDL protocol error: Handler returned error code!

###!!! [Parent][DispatchAsyncMessage] Error: PLayerTransaction::Msg_ReleaseLayer Processing error: message was deserialized, but the handler returned false (indicating failure)

IPDL protocol error: Handler returned error code!

###!!! [Parent][DispatchAsyncMessage] Error: PLayerTransaction::Msg_ReleaseLayer Processing error: message was deserialized, but the handler returned false (indicating failure)

IPDL protocol error: Handler returned error code!

###!!! [Parent][DispatchAsyncMessage] Error: PLayerTransaction::Msg_ReleaseLayer Processing error: message was deserialized, but the handler returned false (indicating failure)

1629716561033	Marionette	INFO	Stopped listening on port 38313
Exiting due to channel error.
Exiting due to channel error.
[GFX1-]: Receive IPC close with reason=AbnormalShutdown
Exiting due to channel error.
1629716670498	geckodriver	INFO	Listening on 127.0.0.1:36223
1629716670503	mozrunner::runner	INFO	Running command: "/usr/bin/firefox" "--marionette" "-foreground" "-no-remote" "-profile" "/tmp/rust_mozprofileG1Zfej"
1629716670935	Marionette	INFO	Marionette enabled
console.warn: SearchSettings: "get: No settings file exists, new profile?" (new Error("", "(unknown module)"))
1629716672867	Marionette	INFO	Listening on port 46487
1629716672927	Marionette	WARN	TLS certificate errors will be ignored for this session
Exiting due to channel error.
Exiting due to channel error.
Exiting due to channel error.
1629716737655	geckodriver	INFO	Listening on 127.0.0.1:44793
1629716737659	mozrunner::runner	INFO	Running command: "/usr/bin/firefox" "--marionette" "-foreground" "-no-remote" "-profile" "/tmp/rust_mozprofile7c6Jpb"
1629716738105	Marionette	INFO	Marionette enabled
console.warn: SearchSettings: "get: No settings file exists, new profile?" (new Error("", "(unknown module)"))
1629716739966	Marionette	INFO	Listening on port 44469
1629716740083	Marionette	WARN	TLS certificate errors will be ignored for this session
Exiting due to channel error.
Exiting due to channel error.
Exiting due to channel error.
1629716788946	geckodriver	INFO	Listening on 127.0.0.1:47549
1629716788951	mozrunner::runner	INFO	Running command: "/usr/bin/firefox" "--marionette" "-foreground" "-no-remote" "-profile" "/tmp/rust_mozprofile8gOMyZ"
1629716789405	Marionette	INFO	Marionette enabled
console.warn: SearchSettings: "get: No settings file exists, new profile?" (new Error("", "(unknown module)"))
1629716791385	Marionette	INFO	Listening on port 39285
1629716791481	Marionette	WARN	TLS certificate errors will be ignored for this session
1629717172877	Marionette	INFO	Stopped listening on port 39285
1629717184232	geckodriver	INFO	Listening on 127.0.0.1:46575
1629717184237	mozrunner::runner	INFO	Running command: "/usr/bin/firefox" "--marionette" "-foreground" "-no-remote" "-profile" "/tmp/rust_mozprofilebJIT3J"
1629717184677	Marionette	INFO	Marionette enabled
console.warn: SearchSettings: "get: No settings file exists, new profile?" (new Error("", "(unknown module)"))
1629717186638	Marionette	INFO	Listening on port 46183
1629717186662	Marionette	WARN	TLS certificate errors will be ignored for this session
1629717194888	Marionette	INFO	Stopped listening on port 46183
1629717259596	geckodriver	INFO	Listening on 127.0.0.1:47631
1629717259600	mozrunner::runner	INFO	Running command: "/usr/bin/firefox" "--marionette" "-foreground" "-no-remote" "-profile" "/tmp/rust_mozprofileiYYKDt"
1629717260153	Marionette	INFO	Marionette enabled
console.warn: SearchSettings: "get: No settings file exists, new profile?" (new Error("", "(unknown module)"))
1629717262402	Marionette	INFO	Listening on port 44461
1629717262427	Marionette	WARN	TLS certificate errors will be ignored for this session
1629717270096	Marionette	INFO	Stopped listening on port 44461
1629717291549	geckodriver	INFO	Listening on 127.0.0.1:40619
1629717291554	mozrunner::runner	INFO	Running command: "/usr/bin/firefox" "--marionette" "-foreground" "-no-remote" "-profile" "/tmp/rust_mozprofilew1LxDx"
1629717292019	Marionette	INFO	Marionette enabled
console.warn: SearchSettings: "get: No settings file exists, new profile?" (new Error("", "(unknown module)"))
1629717294005	Marionette	INFO	Listening on port 37057
1629717294081	Marionette	WARN	TLS certificate errors will be ignored for this session
1629717304795	Marionette	INFO	Stopped listening on port 37057

###!!! [Parent][RunMessage] Error: Channel closing: too late to send/recv, messages will be lost

